{
  "uid" : "375b050120a0",
  "name" : "test_calc_sum[5-7-11]",
  "fullName" : "test_parametarization_demo#test_calc_sum",
  "historyId" : "3f941f7d44ec5bc5377dbfcd656505d3",
  "time" : {
    "start" : 1586628026534,
    "stop" : 1586628026534,
    "duration" : 0
  },
  "status" : "failed",
  "statusMessage" : "AssertionError: assert 12 == 11",
  "statusTrace" : "input1 = 5, input2 = 7, output = 11\n\n    @pytest.mark.parametrize(\"input1, input2, output\", [\n        (2,3,5),\n        (4,4,8),\n        (5,7,11)\n    ])\n    \n    def test_calc_sum(input1,input2, output):\n        result = sum(input1,input2)\n>       assert result == output\nE       assert 12 == 11\n\ntest_parametarization_demo.py:13: AssertionError",
  "flaky" : false,
  "newFailed" : false,
  "beforeStages" : [ ],
  "afterStages" : [ ],
  "labels" : [ {
    "name" : "suite",
    "value" : "test_parametarization_demo"
  }, {
    "name" : "host",
    "value" : "LAPTOP-QCGVCH7O"
  }, {
    "name" : "thread",
    "value" : "13520-MainThread"
  }, {
    "name" : "framework",
    "value" : "pytest"
  }, {
    "name" : "language",
    "value" : "cpython3"
  }, {
    "name" : "package",
    "value" : "test_parametarization_demo"
  }, {
    "name" : "resultFormat",
    "value" : "allure2"
  } ],
  "parameters" : [ {
    "name" : "input1",
    "value" : "5"
  }, {
    "name" : "input2",
    "value" : "7"
  }, {
    "name" : "output",
    "value" : "11"
  } ],
  "links" : [ ],
  "hidden" : false,
  "retry" : false,
  "extra" : {
    "severity" : "normal",
    "retries" : [ {
      "uid" : "cd4d0e50801322df",
      "status" : "failed",
      "statusDetails" : "AssertionError: assert 12 == 11",
      "time" : {
        "start" : 1586570642058,
        "stop" : 1586570642059,
        "duration" : 1
      }
    }, {
      "uid" : "1551f88e86e672df",
      "status" : "failed",
      "statusDetails" : "AssertionError: assert 12 == 11",
      "time" : {
        "start" : 1586570367686,
        "stop" : 1586570367690,
        "duration" : 4
      }
    }, {
      "uid" : "3ffd4bf19bbb8405",
      "status" : "failed",
      "statusDetails" : "AssertionError: assert 12 == 11",
      "time" : {
        "start" : 1586569937025,
        "stop" : 1586569937025,
        "duration" : 0
      }
    }, {
      "uid" : "86ef62fff279e664",
      "status" : "failed",
      "statusDetails" : "AssertionError: assert 12 == 11",
      "time" : {
        "start" : 1586567631491,
        "stop" : 1586567631495,
        "duration" : 4
      }
    }, {
      "uid" : "6455228be01c2f7",
      "status" : "failed",
      "statusDetails" : "AssertionError: assert 12 == 11",
      "time" : {
        "start" : 1586567420655,
        "stop" : 1586567420656,
        "duration" : 1
      }
    }, {
      "uid" : "3dd206f185a84ba1",
      "status" : "failed",
      "statusDetails" : "AssertionError: assert 12 == 11",
      "time" : {
        "start" : 1586566951868,
        "stop" : 1586566951868,
        "duration" : 0
      }
    }, {
      "uid" : "c6354a5a8d3c15cb",
      "status" : "failed",
      "statusDetails" : "AssertionError: assert 12 == 11",
      "time" : {
        "start" : 1586566879394,
        "stop" : 1586566879394,
        "duration" : 0
      }
    } ],
    "categories" : [ {
      "name" : "Product defects",
      "matchedStatuses" : [ ],
      "flaky" : false
    } ],
    "history" : {
      "statistic" : {
        "failed" : 3,
        "broken" : 0,
        "skipped" : 0,
        "passed" : 0,
        "unknown" : 0,
        "total" : 3
      },
      "items" : [ {
        "uid" : "8141e758a52668e0",
        "reportUrl" : "nulljob/SeleniumPytest/8/allure/#testresult/8141e758a52668e0",
        "status" : "failed",
        "statusDetails" : "AssertionError: assert 12 == 11",
        "time" : {
          "start" : 1586570642058,
          "stop" : 1586570642059,
          "duration" : 1
        }
      }, {
        "uid" : "e803b61fd97939c3",
        "reportUrl" : "nulljob/SeleniumPytest/7/allure/#testresult/e803b61fd97939c3",
        "status" : "failed",
        "statusDetails" : "AssertionError: assert 12 == 11",
        "time" : {
          "start" : 1586570367686,
          "stop" : 1586570367690,
          "duration" : 4
        }
      } ]
    },
    "tags" : [ ]
  },
  "source" : "375b050120a0.json",
  "parameterValues" : [ "5", "7", "11" ]
}